============================= test session starts =============================
platform win32 -- Python 3.14.3, pytest-9.0.3, pluggy-1.6.0 -- C:\Workspace_CN\taiwan_moneyflow_rotation\.venv\Scripts\python.exe
rootdir: C:\Workspace_CN\taiwan_moneyflow_rotation
collecting ... collected 59 items

tests/acceptance/test_future_leakage.py::test_future_data_leakage_prevention PASSED [  1%]
tests/integration/test_m1_integration.py::test_m1_dual_market_integration_and_reconciliation PASSED [  3%]
tests/integration/test_m2_e2e_pipeline.py::test_e2e_3day_mock_pipeline_accumulates_rolling_history_and_writes_processed_output PASSED [  5%]
tests/integration/test_m2_real_snapshot_integration.py::test_real_snapshot_full_chain_clean_feature_score PASSED [  6%]
tests/integration/test_run_daily.py::test_run_pipeline_entrypoint PASSED [  8%]
tests/unit/test_data_cleaner.py::test_ticker_standardization PASSED      [ 10%]
tests/unit/test_data_cleaner.py::test_equity_exclusions PASSED           [ 11%]
tests/unit/test_data_cleaner.py::test_parse_roc_date PASSED              [ 13%]
tests/unit/test_data_cleaner.py::test_ohlcv_normalization PASSED         [ 15%]
tests/unit/test_data_cleaner.py::test_date_mismatch_dropped PASSED       [ 16%]
tests/unit/test_data_cleaner.py::test_reconciliation_any_deviation_warns PASSED [ 18%]
tests/unit/test_data_validator.py::test_data_validator_blocked PASSED    [ 20%]
tests/unit/test_data_validator.py::test_data_validator_date_mismatch PASSED [ 22%]
tests/unit/test_dividend_adjustment.py::test_ex_dividend_return_calculation PASSED [ 23%]
tests/unit/test_labels.py::test_new_gainer_success_above_threshold PASSED [ 25%]
tests/unit/test_labels.py::test_new_gainer_exactly_at_threshold_is_not_success PASSED [ 27%]
tests/unit/test_labels.py::test_new_gainer_minor_failure_band PASSED     [ 28%]
tests/unit/test_labels.py::test_new_gainer_reversal_band PASSED          [ 30%]
tests/unit/test_labels.py::test_new_gainer_insufficient_data_on_none_or_nan PASSED [ 32%]
tests/unit/test_labels.py::test_continued_momentum_success PASSED        [ 33%]
tests/unit/test_labels.py::test_continued_momentum_success_overridden_by_fade PASSED [ 35%]
tests/unit/test_labels.py::test_continued_momentum_failure_non_positive PASSED [ 37%]
tests/unit/test_labels.py::test_compute_sector_excess_return_preserves_nan PASSED [ 38%]
tests/unit/test_lifecycle_classifier.py::test_insufficient_data_when_fewer_than_3_days_history PASSED [ 40%]
tests/unit/test_lifecycle_classifier.py::test_exactly_3_days_gives_partial_confidence_real_stage PASSED [ 42%]
tests/unit/test_lifecycle_classifier.py::test_10_or_more_days_gives_full_confidence PASSED [ 44%]
tests/unit/test_lifecycle_classifier.py::test_accelerate_stage_high_score_high_breadth PASSED [ 45%]
tests/unit/test_lifecycle_classifier.py::test_diverge_stage_weak_score_high_concentration PASSED [ 47%]
tests/unit/test_lifecycle_classifier.py::test_multiple_sectors_classified_independently PASSED [ 49%]
tests/unit/test_lifecycle_classifier.py::test_missing_required_columns_raises PASSED [ 50%]
tests/unit/test_lifecycle_classifier.py::test_empty_dataframe_returns_empty PASSED [ 52%]
tests/unit/test_sector_features.py::test_breadth_uses_full_market_membership_not_leaderboard_proxy PASSED [ 54%]
tests/unit/test_sector_features.py::test_breadth_range_0_to_1 PASSED     [ 55%]
tests/unit/test_sector_features.py::test_hhi_range_and_concentration_metrics PASSED [ 57%]
tests/unit/test_sector_features.py::test_primary_sector_volume_no_double_counting_p0_05 PASSED [ 59%]
tests/unit/test_sector_features.py::test_theme_aggregation_flags_may_double_count_true PASSED [ 61%]
tests/unit/test_sector_features.py::test_volume_share_sums_to_approximately_100_pct_for_primary_sectors PASSED [ 62%]
tests/unit/test_sector_features.py::test_missing_institutional_flow_preserves_nan_not_zero PASSED [ 64%]
tests/unit/test_sector_features.py::test_relative_strength_rolling_history_min_periods PASSED [ 66%]
tests/unit/test_sector_features_nulls.py::test_sector_features_nan_preservation PASSED [ 67%]
tests/unit/test_sector_scoring.py::test_dynamic_weight_renormalization PASSED [ 69%]
tests/unit/test_sector_scoring_confidence.py::test_scores_are_bounded_0_to_100 PASSED [ 71%]
tests/unit/test_sector_scoring_confidence.py::test_full_confidence_when_all_factors_present PASSED [ 72%]
tests/unit/test_sector_scoring_confidence.py::test_degraded_confidence_when_institutional_missing PASSED [ 74%]
tests/unit/test_sector_scoring_confidence.py::test_weight_renormalization_sums_to_one_when_factor_missing PASSED [ 76%]
tests/unit/test_sector_scoring_confidence.py::test_all_factors_missing_returns_low_confidence_and_nan_score PASSED [ 77%]
tests/unit/test_sector_scoring_confidence.py::test_empty_dataframe_returns_low_confidence PASSED [ 79%]
tests/unit/test_sector_scoring_confidence.py::test_placeholder_weights_sum_to_one PASSED [ 81%]
tests/unit/test_stock_features.py::test_rolling_features_insufficient_history_returns_nan PASSED [ 83%]
tests/unit/test_stock_features.py::test_rolling_features_sufficient_history_computes_values PASSED [ 84%]
tests/unit/test_stock_features.py::test_rolling_features_no_future_leakage PASSED [ 86%]
tests/unit/test_stock_features.py::test_rolling_features_multi_stock_independence PASSED [ 88%]
tests/unit/test_stock_features.py::test_calculate_ranks_new_entry_flagging_preserved PASSED [ 89%]
tests/unit/test_stock_scoring.py::test_stock_score_bounded_0_to_100 PASSED [ 91%]
tests/unit/test_stock_scoring.py::test_full_confidence_with_all_factors PASSED [ 93%]
tests/unit/test_stock_scoring.py::test_missing_sector_score_renormalizes_and_flags_low PASSED [ 94%]
tests/unit/test_stock_scoring.py::test_weights_sum_to_one PASSED         [ 96%]
tests/unit/test_stock_scoring.py::test_role_assignment_uses_score_thresholds PASSED [ 98%]
tests/unit/test_stock_scoring.py::test_empty_input_returns_low_confidence PASSED [100%]

============================= 59 passed in 19.56s =============================
