============================= test session starts =============================
platform win32 -- Python 3.14.3, pytest-9.0.3, pluggy-1.6.0 -- C:\Workspace_CN\taiwan_moneyflow_rotation\.venv\Scripts\python.exe
rootdir: C:\Workspace_CN\taiwan_moneyflow_rotation
configfile: pytest.ini
collecting ... collected 87 items

tests/acceptance/test_future_leakage.py::test_future_data_leakage_prevention PASSED [  1%]
tests/integration/test_m1_integration.py::test_m1_dual_market_integration_and_reconciliation PASSED [  2%]
tests/integration/test_m2_e2e_pipeline.py::test_e2e_3day_mock_pipeline_accumulates_rolling_history_and_writes_processed_output PASSED [  3%]
tests/integration/test_m2_real_snapshot_integration.py::test_real_snapshot_full_chain_clean_feature_score PASSED [  4%]
tests/integration/test_m3_real_snapshot_e2e.py::test_real_snapshot_2026_07_16_end_to_end_produces_real_daily_excel PASSED [  5%]
tests/integration/test_run_daily.py::test_run_pipeline_entrypoint PASSED [  6%]
tests/unit/test_data_cleaner.py::test_ticker_standardization PASSED      [  8%]
tests/unit/test_data_cleaner.py::test_equity_exclusions PASSED           [  9%]
tests/unit/test_data_cleaner.py::test_parse_roc_date PASSED              [ 10%]
tests/unit/test_data_cleaner.py::test_ohlcv_normalization PASSED         [ 11%]
tests/unit/test_data_cleaner.py::test_date_mismatch_dropped PASSED       [ 12%]
tests/unit/test_data_cleaner.py::test_reconciliation_any_deviation_warns PASSED [ 13%]
tests/unit/test_data_validator.py::test_data_validator_blocked PASSED    [ 14%]
tests/unit/test_data_validator.py::test_data_validator_date_mismatch PASSED [ 16%]
tests/unit/test_dividend_adjustment.py::test_ex_dividend_return_calculation PASSED [ 17%]
tests/unit/test_labels.py::test_new_gainer_success_above_threshold PASSED [ 18%]
tests/unit/test_labels.py::test_new_gainer_exactly_at_threshold_is_not_success PASSED [ 19%]
tests/unit/test_labels.py::test_new_gainer_minor_failure_band PASSED     [ 20%]
tests/unit/test_labels.py::test_new_gainer_reversal_band PASSED          [ 21%]
tests/unit/test_labels.py::test_new_gainer_insufficient_data_on_none_or_nan PASSED [ 22%]
tests/unit/test_labels.py::test_continued_momentum_success PASSED        [ 24%]
tests/unit/test_labels.py::test_continued_momentum_success_overridden_by_fade PASSED [ 25%]
tests/unit/test_labels.py::test_continued_momentum_failure_non_positive PASSED [ 26%]
tests/unit/test_labels.py::test_compute_sector_excess_return_preserves_nan PASSED [ 27%]
tests/unit/test_lifecycle_classifier.py::test_insufficient_data_when_fewer_than_3_days_history PASSED [ 28%]
tests/unit/test_lifecycle_classifier.py::test_exactly_3_days_gives_partial_confidence_real_stage PASSED [ 29%]
tests/unit/test_lifecycle_classifier.py::test_10_or_more_days_gives_full_confidence PASSED [ 31%]
tests/unit/test_lifecycle_classifier.py::test_accelerate_stage_high_score_high_breadth PASSED [ 32%]
tests/unit/test_lifecycle_classifier.py::test_diverge_stage_weak_score_high_concentration PASSED [ 33%]
tests/unit/test_lifecycle_classifier.py::test_multiple_sectors_classified_independently PASSED [ 34%]
tests/unit/test_lifecycle_classifier.py::test_missing_required_columns_raises PASSED [ 35%]
tests/unit/test_lifecycle_classifier.py::test_empty_dataframe_returns_empty PASSED [ 36%]
tests/unit/test_report_generator.py::TestFourSheetsOnly::test_exactly_four_sheets_named_per_spec_b4 PASSED [ 37%]
tests/unit/test_report_generator.py::TestDashboardSheet::test_dashboard_contains_quality_score_and_mapping_coverage PASSED [ 39%]
tests/unit/test_report_generator.py::TestDashboardSheet::test_dashboard_uncalibrated_warning_always_present PASSED [ 40%]
tests/unit/test_report_generator.py::TestDashboardSheet::test_dashboard_top10_sector_table_present PASSED [ 41%]
tests/unit/test_report_generator.py::TestNewGainerSheet::test_required_columns_present PASSED [ 42%]
tests/unit/test_report_generator.py::TestNewGainerSheet::test_only_new_gainer_grades_included_not_continued_or_none PASSED [ 43%]
tests/unit/test_report_generator.py::TestNewGainerSheet::test_data_quality_caveat_present PASSED [ 44%]
tests/unit/test_report_generator.py::TestContinuedMomentumSheet::test_required_columns_present PASSED [ 45%]
tests/unit/test_report_generator.py::TestContinuedMomentumSheet::test_only_continued_grade_included PASSED [ 47%]
tests/unit/test_report_generator.py::TestStockPrioritySheet::test_required_columns_present PASSED [ 48%]
tests/unit/test_report_generator.py::TestStockPrioritySheet::test_stock_data_present_and_non_empty PASSED [ 49%]
tests/unit/test_report_generator.py::TestStockPrioritySheet::test_unclassified_stock_gets_downgraded_confidence_and_risk_note PASSED [ 50%]
tests/unit/test_report_generator.py::TestNumberFormatting::test_percentage_columns_use_percent_format PASSED [ 51%]
tests/unit/test_sector_features.py::test_breadth_uses_full_market_membership_not_leaderboard_proxy PASSED [ 52%]
tests/unit/test_sector_features.py::test_breadth_range_0_to_1 PASSED     [ 54%]
tests/unit/test_sector_features.py::test_hhi_range_and_concentration_metrics PASSED [ 55%]
tests/unit/test_sector_features.py::test_primary_sector_volume_no_double_counting_p0_05 PASSED [ 56%]
tests/unit/test_sector_features.py::test_theme_aggregation_flags_may_double_count_true PASSED [ 57%]
tests/unit/test_sector_features.py::test_volume_share_sums_to_approximately_100_pct_for_primary_sectors PASSED [ 58%]
tests/unit/test_sector_features.py::test_missing_institutional_flow_preserves_nan_not_zero PASSED [ 59%]
tests/unit/test_sector_features.py::test_relative_strength_rolling_history_min_periods PASSED [ 60%]
tests/unit/test_sector_features_nulls.py::test_sector_features_nan_preservation PASSED [ 62%]
tests/unit/test_sector_scoring.py::test_dynamic_weight_renormalization PASSED [ 63%]
tests/unit/test_sector_scoring_confidence.py::test_scores_are_bounded_0_to_100 PASSED [ 64%]
tests/unit/test_sector_scoring_confidence.py::test_full_confidence_when_all_factors_present PASSED [ 65%]
tests/unit/test_sector_scoring_confidence.py::test_degraded_confidence_when_institutional_missing PASSED [ 66%]
tests/unit/test_sector_scoring_confidence.py::test_weight_renormalization_sums_to_one_when_factor_missing PASSED [ 67%]
tests/unit/test_sector_scoring_confidence.py::test_all_factors_missing_returns_low_confidence_and_nan_score PASSED [ 68%]
tests/unit/test_sector_scoring_confidence.py::test_empty_dataframe_returns_low_confidence PASSED [ 70%]
tests/unit/test_sector_scoring_confidence.py::test_placeholder_weights_sum_to_one PASSED [ 71%]
tests/unit/test_signal_detector.py::TestNewGainerAGrade::test_all_10_conditions_pass_yields_a_grade PASSED [ 72%]
tests/unit/test_signal_detector.py::TestNewGainerAGrade::test_a_grade_requires_uat04_multi_stock_participation PASSED [ 73%]
tests/unit/test_signal_detector.py::TestUAT04SingleStockSpike::test_single_stock_spike_capped_at_c_not_a_or_b PASSED [ 74%]
tests/unit/test_signal_detector.py::TestUAT04SingleStockSpike::test_two_up_stocks_is_the_minimum_for_sector_level_signal PASSED [ 75%]
tests/unit/test_signal_detector.py::TestDataDegradation::test_missing_institutional_data_degrades_confidence_not_silently_passes PASSED [ 77%]
tests/unit/test_signal_detector.py::TestDataDegradation::test_missing_institutional_data_marks_continued_momentum_rule8_unevaluable PASSED [ 78%]
tests/unit/test_signal_detector.py::TestDataDegradation::test_missing_data_quality_score_marks_rule9_unevaluable PASSED [ 79%]
tests/unit/test_signal_detector.py::TestDataDegradation::test_low_mapping_coverage_fails_rule10_and_can_prevent_a_grade PASSED [ 80%]
tests/unit/test_signal_detector.py::TestDataDegradation::test_no_previous_day_data_degrades_but_does_not_crash PASSED [ 81%]
tests/unit/test_signal_detector.py::TestBGrade::test_b_grade_when_a_few_conditions_unmet PASSED [ 82%]
tests/unit/test_signal_detector.py::TestContinuedMomentum::test_continued_momentum_signal_when_stable_and_no_new_gainer_conditions_met PASSED [ 83%]
tests/unit/test_signal_detector.py::TestContinuedMomentum::test_overheat_risk_above_threshold_fails_continued_momentum PASSED [ 85%]
tests/unit/test_signal_detector.py::TestContinuedMomentum::test_institutional_reversal_to_selling_fails_continued_momentum PASSED [ 86%]
tests/unit/test_signal_detector.py::TestEmptyInput::test_empty_dataframe_returns_empty_without_error PASSED [ 87%]
tests/unit/test_stock_features.py::test_rolling_features_insufficient_history_returns_nan PASSED [ 88%]
tests/unit/test_stock_features.py::test_rolling_features_sufficient_history_computes_values PASSED [ 89%]
tests/unit/test_stock_features.py::test_rolling_features_no_future_leakage PASSED [ 90%]
tests/unit/test_stock_features.py::test_rolling_features_multi_stock_independence PASSED [ 91%]
tests/unit/test_stock_features.py::test_calculate_ranks_new_entry_flagging_preserved PASSED [ 93%]
tests/unit/test_stock_scoring.py::test_stock_score_bounded_0_to_100 PASSED [ 94%]
tests/unit/test_stock_scoring.py::test_full_confidence_with_all_factors PASSED [ 95%]
tests/unit/test_stock_scoring.py::test_missing_sector_score_renormalizes_and_flags_low PASSED [ 96%]
tests/unit/test_stock_scoring.py::test_weights_sum_to_one PASSED         [ 97%]
tests/unit/test_stock_scoring.py::test_role_assignment_uses_score_thresholds PASSED [ 98%]
tests/unit/test_stock_scoring.py::test_empty_input_returns_low_confidence PASSED [100%]

============================= 87 passed in 25.29s =============================
